app/build/intermediates/manifest_merge_blame_file/debug/manifest-merger-blame-debug-report.txt
1<?xml version="1.0" encoding="utf-8"?>
2<manifest xmlns:android="http://schemas.android.com/apk/res/android"
3    package="com.example.musicplayer"
4    android:versionCode="1"
5    android:versionName="1.0" >
6
7    <uses-sdk
8        android:minSdkVersion="19"
8-->src\main\AndroidManifest.xml
9        android:targetSdkVersion="29" />
9-->src\main\AndroidManifest.xml
10
11    <uses-permission android:name="android.permission.READ_EXTERNAL_STORAGE" />
11-->src\main\AndroidManifest.xml:5:5-80
11-->src\main\AndroidManifest.xml:5:22-77
12    <uses-permission android:name="android.permission.READ_PHONE_STATE" />
12-->src\main\AndroidManifest.xml:6:5-75
12-->src\main\AndroidManifest.xml:6:22-72
13    <uses-permission android:name="android.permission.FOREGROUND_SERVICE" />
13-->src\main\AndroidManifest.xml:7:5-77
13-->src\main\AndroidManifest.xml:7:22-74
14    <uses-permission android:name="android.permission.WAKE_LOCK" />
14-->src\main\AndroidManifest.xml:8:5-68
14-->src\main\AndroidManifest.xml:8:22-65
15    <uses-permission android:name="android.permission.WRITE_EXTERNAL_STORAGE" />
15-->src\main\AndroidManifest.xml:9:5-81
15-->src\main\AndroidManifest.xml:9:22-78
16    <uses-permission android:name="android.permission.MODIFY_AUDIO_SETTINGS" />
16-->src\main\AndroidManifest.xml:10:5-80
16-->src\main\AndroidManifest.xml:10:22-77
17    <uses-permission android:name="android.permission.WRITE_SETTINGS" />
17-->src\main\AndroidManifest.xml:11:5-73
17-->src\main\AndroidManifest.xml:11:22-70
18    <uses-permission android:name="android.permission.INTERNET" />
18-->src\main\AndroidManifest.xml:13:5-67
18-->src\main\AndroidManifest.xml:13:22-64
19    <uses-permission android:name="android.permission.ACCESS_WIFI_STATE" />
19-->src\main\AndroidManifest.xml:14:5-76
19-->src\main\AndroidManifest.xml:14:22-73
20    <uses-permission android:name="android.permission.ACCESS_NETWORK_STATE" />
20-->src\main\AndroidManifest.xml:15:5-79
20-->src\main\AndroidManifest.xml:15:22-76
21
22    <permission android:name="android.permission.MEDIA_CONTENT_CONTROL" />
22-->src\main\AndroidManifest.xml:17:5-75
22-->src\main\AndroidManifest.xml:17:17-72
23
24    <application
24-->src\main\AndroidManifest.xml:19:5-119:19
25        android:allowBackup="true"
25-->src\main\AndroidManifest.xml:20:9-35
26        android:appComponentFactory="androidx.core.app.CoreComponentFactory"
26-->[androidx.core:core:1.3.2] AndroidManifest.xml:24:18-86
27        android:debuggable="true"
28        android:icon="@mipmap/ic_launcher"
28-->src\main\AndroidManifest.xml:21:9-43
29        android:label="@string/app_name"
29-->src\main\AndroidManifest.xml:22:9-41
30        android:roundIcon="@mipmap/ic_launcher"
30-->src\main\AndroidManifest.xml:23:9-48
31        android:testOnly="true"
32        android:theme="@style/AppTheme" >
32-->src\main\AndroidManifest.xml:24:9-40
33        <activity
33-->src\main\AndroidManifest.xml:25:9-28:59
34            android:name="com.example.musicplayer.ActivityAPI.Activity_List_Playlist"
34-->src\main\AndroidManifest.xml:26:13-63
35            android:exported="true"
35-->src\main\AndroidManifest.xml:27:13-36
36            android:theme="@style/AppTheme.NoActionBar" />
36-->src\main\AndroidManifest.xml:28:13-56
37        <activity
37-->src\main\AndroidManifest.xml:29:9-32:59
38            android:name="com.example.musicplayer.ActivityAPI.Activity_Search_API"
38-->src\main\AndroidManifest.xml:30:13-60
39            android:exported="true"
39-->src\main\AndroidManifest.xml:31:13-36
40            android:theme="@style/AppTheme.NoActionBar" />
40-->src\main\AndroidManifest.xml:32:13-56
41        <activity
41-->src\main\AndroidManifest.xml:33:9-35:59
42            android:name="com.example.musicplayer.ActivityAPI.Activity_List_Song_Banner"
42-->src\main\AndroidManifest.xml:34:13-66
43            android:theme="@style/AppTheme.NoActionBar" />
43-->src\main\AndroidManifest.xml:35:13-56
44        <activity
44-->src\main\AndroidManifest.xml:37:9-39:74
45            android:name="com.example.musicplayer.ui.SettingsActivity"
45-->src\main\AndroidManifest.xml:38:13-48
46            android:theme="@style/Theme.AppCompat.DayNight.NoActionBar" />
46-->src\main\AndroidManifest.xml:39:13-72
47        <activity
47-->src\main\AndroidManifest.xml:40:9-42:75
48            android:name="com.example.musicplayer.ui.equalizer.EqualizerActivity"
48-->src\main\AndroidManifest.xml:41:13-59
49            android:theme="@style/Theme.AppCompat.DayNight.NoActionBar" />
49-->src\main\AndroidManifest.xml:42:13-72
50        <activity
50-->src\main\AndroidManifest.xml:43:9-45:75
51            android:name="com.example.musicplayer.ui.EditTags"
51-->src\main\AndroidManifest.xml:44:13-40
52            android:theme="@style/Theme.AppCompat.DayNight.NoActionBar" />
52-->src\main\AndroidManifest.xml:45:13-72
53        <activity
53-->src\main\AndroidManifest.xml:46:9-49:74
54            android:name="com.example.musicplayer.ui.search.SearchActivity"
54-->src\main\AndroidManifest.xml:47:13-53
55            android:parentActivityName="com.example.musicplayer.MainActivity"
55-->src\main\AndroidManifest.xml:48:13-55
56            android:theme="@style/AppTheme.NoActionBar.SearchActivity" />
56-->src\main\AndroidManifest.xml:49:13-71
57        <activity
57-->src\main\AndroidManifest.xml:50:9-53:59
58            android:name="com.example.musicplayer.nowplaying.NowPlaying"
58-->src\main\AndroidManifest.xml:51:13-50
59            android:parentActivityName="com.example.musicplayer.MainActivity"
59-->src\main\AndroidManifest.xml:52:13-55
60            android:theme="@style/AppTheme.NoActionBar" />
60-->src\main\AndroidManifest.xml:53:13-56
61
62        <service
62-->src\main\AndroidManifest.xml:55:9-64:19
63            android:name="com.example.musicplayer.MediaPlayerService"
63-->src\main\AndroidManifest.xml:56:13-47
64            android:exported="false" >
64-->src\main\AndroidManifest.xml:57:13-37
65            <intent-filter>
65-->src\main\AndroidManifest.xml:58:13-60:29
66                <action android:name="android.intent.action.MEDIA_BUTTON" />
66-->src\main\AndroidManifest.xml:59:17-77
66-->src\main\AndroidManifest.xml:59:25-74
67            </intent-filter>
68            <intent-filter>
68-->src\main\AndroidManifest.xml:61:13-63:29
69                <action android:name="android.media.browse.MediaBrowserService" />
69-->src\main\AndroidManifest.xml:62:17-83
69-->src\main\AndroidManifest.xml:62:25-80
70            </intent-filter>
71        </service>
72
73        <activity
73-->src\main\AndroidManifest.xml:66:9-107:20
74            android:name="com.example.musicplayer.MainActivity"
74-->src\main\AndroidManifest.xml:67:13-41
75            android:label="@string/app_name"
75-->src\main\AndroidManifest.xml:68:13-45
76            android:launchMode="singleInstance"
76-->src\main\AndroidManifest.xml:69:13-48
77            android:theme="@style/AppTheme.NoActionBar" >
77-->src\main\AndroidManifest.xml:70:13-56
78            <intent-filter>
78-->src\main\AndroidManifest.xml:72:13-78:29
79                <action android:name="android.intent.action.MAIN" />
79-->src\main\AndroidManifest.xml:74:17-69
79-->src\main\AndroidManifest.xml:74:25-66
80
81                <category android:name="android.intent.category.LAUNCHER" />
81-->src\main\AndroidManifest.xml:76:17-77
81-->src\main\AndroidManifest.xml:76:27-74
82            </intent-filter>
83            <intent-filter>
83-->src\main\AndroidManifest.xml:80:13-88:29
84                <action android:name="android.intent.action.MUSIC_PLAYER" />
84-->src\main\AndroidManifest.xml:82:17-77
84-->src\main\AndroidManifest.xml:82:25-74
85
86                <category android:name="android.intent.category.DEFAULT" />
86-->src\main\AndroidManifest.xml:84:17-75
86-->src\main\AndroidManifest.xml:84:27-73
87                <category android:name="android.intent.category.APP_MUSIC" />
87-->src\main\AndroidManifest.xml:85:17-77
87-->src\main\AndroidManifest.xml:85:27-75
88                <category android:name="android.intent.category.LAUNCHER" />
88-->src\main\AndroidManifest.xml:76:17-77
88-->src\main\AndroidManifest.xml:76:27-74
89            </intent-filter>
90            <intent-filter>
90-->src\main\AndroidManifest.xml:90:13-104:29
91                <action android:name="android.intent.action.VIEW" />
91-->src\main\AndroidManifest.xml:92:17-69
91-->src\main\AndroidManifest.xml:92:25-66
92
93                <category android:name="android.intent.category.BROWSABLE" />
93-->src\main\AndroidManifest.xml:94:17-77
93-->src\main\AndroidManifest.xml:94:27-75
94                <category android:name="android.intent.category.DEFAULT" />
94-->src\main\AndroidManifest.xml:84:17-75
94-->src\main\AndroidManifest.xml:84:27-73
95
96                <data android:scheme="content" />
96-->src\main\AndroidManifest.xml:97:17-50
96-->src\main\AndroidManifest.xml:97:23-47
97                <data android:scheme="file" />
97-->src\main\AndroidManifest.xml:97:17-50
97-->src\main\AndroidManifest.xml:97:23-47
98                <data android:mimeType="audio/*" />
98-->src\main\AndroidManifest.xml:97:17-50
98-->src\main\AndroidManifest.xml:99:23-49
99                <data android:mimeType="application/ogg" />
99-->src\main\AndroidManifest.xml:97:17-50
99-->src\main\AndroidManifest.xml:99:23-49
100                <data android:mimeType="application/x-ogg" />
100-->src\main\AndroidManifest.xml:97:17-50
100-->src\main\AndroidManifest.xml:99:23-49
101                <data android:mimeType="application/itunes" />
101-->src\main\AndroidManifest.xml:97:17-50
101-->src\main\AndroidManifest.xml:99:23-49
102            </intent-filter>
103        </activity>
104
105        <receiver android:name="androidx.media.session.MediaButtonReceiver" >
105-->src\main\AndroidManifest.xml:109:9-113:20
105-->src\main\AndroidManifest.xml:109:19-76
106            <intent-filter>
106-->src\main\AndroidManifest.xml:58:13-60:29
107                <action android:name="android.intent.action.MEDIA_BUTTON" />
107-->src\main\AndroidManifest.xml:59:17-77
107-->src\main\AndroidManifest.xml:59:25-74
108            </intent-filter>
109        </receiver>
110
111        <meta-data
111-->src\main\AndroidManifest.xml:116:9-118:57
112            android:name="preloaded_fonts"
112-->src\main\AndroidManifest.xml:117:13-43
113            android:resource="@array/preloaded_fonts" />
113-->src\main\AndroidManifest.xml:118:13-54
114
115        <provider
115-->[com.squareup.picasso:picasso:2.71828] AndroidManifest.xml:8:9-11:40
116            android:name="com.squareup.picasso.PicassoProvider"
116-->[com.squareup.picasso:picasso:2.71828] AndroidManifest.xml:9:13-64
117            android:authorities="com.example.musicplayer.com.squareup.picasso"
117-->[com.squareup.picasso:picasso:2.71828] AndroidManifest.xml:10:13-72
118            android:exported="false" />
118-->[com.squareup.picasso:picasso:2.71828] AndroidManifest.xml:11:13-37
119        <provider
119-->[androidx.lifecycle:lifecycle-process:2.2.0] AndroidManifest.xml:25:9-29:43
120            android:name="androidx.lifecycle.ProcessLifecycleOwnerInitializer"
120-->[androidx.lifecycle:lifecycle-process:2.2.0] AndroidManifest.xml:26:13-79
121            android:authorities="com.example.musicplayer.lifecycle-process"
121-->[androidx.lifecycle:lifecycle-process:2.2.0] AndroidManifest.xml:27:13-69
122            android:exported="false"
122-->[androidx.lifecycle:lifecycle-process:2.2.0] AndroidManifest.xml:28:13-37
123            android:multiprocess="true" />
123-->[androidx.lifecycle:lifecycle-process:2.2.0] AndroidManifest.xml:29:13-40
124    </application>
125
126</manifest>